[INFO] 09:16:56 (DefaultServlet.java:init:45)Initialized default servlet  ua.com.company.store.controller.DefaultServlet@4b4592b5 

[INFO] 09:18:01 (DefaultServlet.java:process:60)Query with url: GET:/store 

[INFO] 09:18:01 (AbstractDao.java:<init>:24)Created dao layer + ua.com.company.store.model.dao.impl.UserDAO@601d908c 

[INFO] 09:18:01 (AbstractDao.java:<init>:24)Created dao layer + ua.com.company.store.model.dao.impl.ProductImageDAO@79a0b427 

[INFO] 09:18:01 (AbstractDao.java:<init>:24)Created dao layer + ua.com.company.store.model.dao.impl.OrderDAO@7d01e7b 

[INFO] 09:18:01 (AbstractDao.java:<init>:24)Created dao layer + ua.com.company.store.model.dao.impl.ProductDAO@7b2d932a 

[INFO] 09:18:01 (DefaultServlet.java:process:62)Command key execution: CommandHomePageCommand{} 

[INFO] 09:18:10 (JDBCConnectionPool.java:newConnection:77)Created new connection com.mysql.jdbc.JDBC4Connection@5ff8baec 

[ERROR] 09:18:11 (UserDAO.java:getByParameter:127)Cant search users with nickname locale 

[INFO] 09:18:11 (JDBCConnectionPool.java:newConnection:77)Created new connection com.mysql.jdbc.JDBC4Connection@75189fe0 

[ERROR] 09:18:11 (UserDAO.java:getByParameter:127)Cant search users with nickname JSESSIONID 

[INFO] 09:18:11 (DefaultServlet.java:process:65)Redirection path: /main.jsp 

[INFO] 09:18:14 (JDBCConnectionPool.java:newConnection:77)Created new connection com.mysql.jdbc.JDBC4Connection@6e1a9c2b 

[INFO] 09:25:59 (DefaultServlet.java:process:60)Query with url: GET:/store/signUp 

[INFO] 09:25:59 (DefaultServlet.java:process:62)Command key execution: CommandSignUpPage{} 

[INFO] 09:25:59 (DefaultServlet.java:process:65)Redirection path: /view/signUpPage.jsp 

[INFO] 09:26:28 (DefaultServlet.java:process:60)Query with url: POST:/store/signUpForm 

[INFO] 09:26:28 (DefaultServlet.java:process:62)Command key execution: ua.com.company.store.controller.impl.executions.CommandSignUpFormExecution@12db72a1 

[INFO] 09:26:28 (CommandSignUpFormExecution.java:execute:56)Successful validated inputs signUp 

[INFO] 09:26:28 (JDBCConnectionPool.java:newConnection:77)Created new connection com.mysql.jdbc.JDBC4Connection@3d0e7bfe 

[INFO] 09:26:28 (JDBCConnectionPool.java:newConnection:77)Created new connection com.mysql.jdbc.JDBC4Connection@1fcb172c 

[INFO] 09:26:29 (AbstractDao.java:insert:73)Insert into db new object User:Gaben 5ac115e54c7d27baf7a6cf290d7c127dc088b37d9df7e19df061a973af257bf0 gaben123@mail.ru false false 

[INFO] 09:26:29 (JDBCConnectionPool.java:newConnection:77)Created new connection com.mysql.jdbc.JDBC4Connection@5afa5bd4 

[INFO] 09:26:29 (CookiesAction.java:setCookieUserInform:25)Successful added in cookie user Gaben 

[INFO] 09:26:29 (CommandSignUpFormExecution.java:execute:79)Marked checkbox and added user in cookie successfully 

[INFO] 09:26:29 (DefaultServlet.java:process:65)Redirection path: /main.jsp 

[INFO] 09:26:29 (JDBCConnectionPool.java:newConnection:77)Created new connection com.mysql.jdbc.JDBC4Connection@5aae0916 

[INFO] 09:26:44 (DefaultServlet.java:process:60)Query with url: GET:/store 

[INFO] 09:26:44 (DefaultServlet.java:process:62)Command key execution: CommandHomePageCommand{} 

[INFO] 09:26:44 (JDBCConnectionPool.java:newConnection:77)Created new connection com.mysql.jdbc.JDBC4Connection@26aee2ad 

[ERROR] 09:26:44 (UserDAO.java:getByParameter:127)Cant search users with nickname locale 

[INFO] 09:26:44 (JDBCConnectionPool.java:newConnection:77)Created new connection com.mysql.jdbc.JDBC4Connection@6a56b42a 

[INFO] 09:26:45 (JDBCConnectionPool.java:newConnection:77)Created new connection com.mysql.jdbc.JDBC4Connection@702b7f15 

[ERROR] 09:26:45 (UserDAO.java:getByParameter:127)Cant search users with nickname JSESSIONID 

[INFO] 09:26:45 (JDBCConnectionPool.java:newConnection:77)Created new connection com.mysql.jdbc.JDBC4Connection@14319ed0 

[ERROR] 09:26:45 (UserDAO.java:getByParameter:127)Cant search users with nickname locale 

[INFO] 09:26:45 (JDBCConnectionPool.java:newConnection:77)Created new connection com.mysql.jdbc.JDBC4Connection@71b08899 

[INFO] 09:26:45 (JDBCConnectionPool.java:newConnection:77)Created new connection com.mysql.jdbc.JDBC4Connection@75456116 

[ERROR] 09:26:45 (UserDAO.java:getByParameter:127)Cant search users with nickname JSESSIONID 

[INFO] 09:26:45 (DefaultServlet.java:process:65)Redirection path: /main.jsp 

[INFO] 09:26:45 (JDBCConnectionPool.java:newConnection:77)Created new connection com.mysql.jdbc.JDBC4Connection@16db9b 

[INFO] 09:39:21 (DefaultServlet.java:process:60)Query with url: GET:/store/createOrder 

[INFO] 09:39:21 (DefaultServlet.java:process:62)Command key execution: ua.com.company.store.controller.impl.executions.CommandCreatingNewOrder@6cbecdfd 

[INFO] 09:39:21 (JDBCConnectionPool.java:newConnection:77)Created new connection com.mysql.jdbc.JDBC4Connection@159de37 

[INFO] 09:39:21 (JDBCConnectionPool.java:newConnection:77)Created new connection com.mysql.jdbc.JDBC4Connection@259b5fd 

[INFO] 09:39:22 (AbstractDao.java:insert:73)Insert into db new object Order{productId=17, entityId=25, date=2017-12-28} 

[INFO] 09:39:22 (CommandCreatingNewOrder.java:execute:49)Successful added Order{productId=17, entityId=25, date=2017-12-28} 

[INFO] 09:39:22 (DefaultServlet.java:process:65)Redirection path: /view/successfulCreatedOrder.jsp 

[INFO] 09:43:30 (DefaultServlet.java:process:60)Query with url: GET:/store/logout 

[INFO] 09:43:30 (DefaultServlet.java:process:62)Command key execution: ua.com.company.store.controller.impl.redirection.CommandRemoveSession@2bdb1bf0 

[INFO] 09:43:30 (CommandRemoveSession.java:execute:36)Removed cookies [Ljavax.servlet.http.Cookie;@63348201 

[INFO] 09:43:30 (CommandRemoveSession.java:execute:45)Removed session with ID Gaben
Time online 21 min. 

[INFO] 09:43:30 (DefaultServlet.java:process:65)Redirection path: /main.jsp 

[INFO] 09:43:30 (JDBCConnectionPool.java:newConnection:77)Created new connection com.mysql.jdbc.JDBC4Connection@42aa7220 

[INFO] 09:43:32 (DefaultServlet.java:process:60)Query with url: GET:/store 

[INFO] 09:43:32 (DefaultServlet.java:process:62)Command key execution: CommandHomePageCommand{} 

[INFO] 09:43:32 (JDBCConnectionPool.java:newConnection:77)Created new connection com.mysql.jdbc.JDBC4Connection@5e11f747 

[INFO] 09:43:32 (JDBCConnectionPool.java:newConnection:77)Created new connection com.mysql.jdbc.JDBC4Connection@2dd471be 

[ERROR] 09:43:32 (UserDAO.java:getByParameter:127)Cant search users with nickname JSESSIONID 

[INFO] 09:43:33 (JDBCConnectionPool.java:newConnection:77)Created new connection com.mysql.jdbc.JDBC4Connection@2c242e74 

[INFO] 09:43:33 (JDBCConnectionPool.java:newConnection:77)Created new connection com.mysql.jdbc.JDBC4Connection@2aabadd5 

[ERROR] 09:43:33 (UserDAO.java:getByParameter:127)Cant search users with nickname JSESSIONID 

[INFO] 09:43:33 (DefaultServlet.java:process:65)Redirection path: /main.jsp 

[INFO] 09:43:33 (JDBCConnectionPool.java:newConnection:77)Created new connection com.mysql.jdbc.JDBC4Connection@32a2f743 

[INFO] 09:43:37 (DefaultServlet.java:process:60)Query with url: GET:/store 

[INFO] 09:43:37 (DefaultServlet.java:process:62)Command key execution: CommandHomePageCommand{} 

[INFO] 09:43:37 (JDBCConnectionPool.java:newConnection:77)Created new connection com.mysql.jdbc.JDBC4Connection@1c62dec 

[INFO] 09:43:37 (JDBCConnectionPool.java:newConnection:77)Created new connection com.mysql.jdbc.JDBC4Connection@4bf7c050 

[ERROR] 09:43:37 (UserDAO.java:getByParameter:127)Cant search users with nickname JSESSIONID 

[INFO] 09:43:37 (JDBCConnectionPool.java:newConnection:77)Created new connection com.mysql.jdbc.JDBC4Connection@7d986756 

[INFO] 09:43:37 (JDBCConnectionPool.java:newConnection:77)Created new connection com.mysql.jdbc.JDBC4Connection@3f19d264 

[ERROR] 09:43:37 (UserDAO.java:getByParameter:127)Cant search users with nickname JSESSIONID 

[INFO] 09:43:37 (DefaultServlet.java:process:65)Redirection path: /main.jsp 

[INFO] 09:43:37 (JDBCConnectionPool.java:newConnection:77)Created new connection com.mysql.jdbc.JDBC4Connection@5443552a 

[INFO] 09:46:25 (DefaultServlet.java:process:60)Query with url: GET:/store/logout 

[INFO] 09:46:25 (DefaultServlet.java:process:62)Command key execution: ua.com.company.store.controller.impl.redirection.CommandRemoveSession@2bdb1bf0 

[INFO] 09:46:25 (CommandRemoveSession.java:execute:36)Removed cookies [Ljavax.servlet.http.Cookie;@65b950f6 

[INFO] 09:46:25 (CommandRemoveSession.java:execute:45)Removed session with ID Gaben
Time online 0 min. 

[INFO] 09:46:25 (DefaultServlet.java:process:65)Redirection path: /main.jsp 

[INFO] 09:46:25 (JDBCConnectionPool.java:newConnection:77)Created new connection com.mysql.jdbc.JDBC4Connection@6bb818aa 

[INFO] 09:46:28 (DefaultServlet.java:process:60)Query with url: GET:/store 

[INFO] 09:46:28 (DefaultServlet.java:process:62)Command key execution: CommandHomePageCommand{} 

[INFO] 09:46:28 (JDBCConnectionPool.java:newConnection:77)Created new connection com.mysql.jdbc.JDBC4Connection@2238720e 

[ERROR] 09:46:28 (UserDAO.java:getByParameter:127)Cant search users with nickname JSESSIONID 

[INFO] 09:46:28 (DefaultServlet.java:process:65)Redirection path: /main.jsp 

[INFO] 09:46:28 (JDBCConnectionPool.java:newConnection:77)Created new connection com.mysql.jdbc.JDBC4Connection@2c02ff91 

[INFO] 09:46:29 (DefaultServlet.java:process:60)Query with url: GET:/store 

[INFO] 09:46:29 (DefaultServlet.java:process:62)Command key execution: CommandHomePageCommand{} 

[INFO] 09:46:29 (JDBCConnectionPool.java:newConnection:77)Created new connection com.mysql.jdbc.JDBC4Connection@340ffd93 

[ERROR] 09:46:29 (UserDAO.java:getByParameter:127)Cant search users with nickname JSESSIONID 

[INFO] 09:46:29 (DefaultServlet.java:process:65)Redirection path: /main.jsp 

[INFO] 09:46:29 (JDBCConnectionPool.java:newConnection:77)Created new connection com.mysql.jdbc.JDBC4Connection@39a58a16 

[INFO] 09:46:30 (DefaultServlet.java:process:60)Query with url: GET:/store 

[INFO] 09:46:30 (DefaultServlet.java:process:62)Command key execution: CommandHomePageCommand{} 

[INFO] 09:46:30 (JDBCConnectionPool.java:newConnection:77)Created new connection com.mysql.jdbc.JDBC4Connection@ce4e065 

[ERROR] 09:46:30 (UserDAO.java:getByParameter:127)Cant search users with nickname JSESSIONID 

[INFO] 09:46:30 (DefaultServlet.java:process:65)Redirection path: /main.jsp 

[INFO] 09:46:30 (JDBCConnectionPool.java:newConnection:77)Created new connection com.mysql.jdbc.JDBC4Connection@65795200 

[INFO] 09:46:34 (DefaultServlet.java:process:60)Query with url: GET:/store 

[INFO] 09:46:34 (DefaultServlet.java:process:62)Command key execution: CommandHomePageCommand{} 

[INFO] 09:46:35 (JDBCConnectionPool.java:newConnection:77)Created new connection com.mysql.jdbc.JDBC4Connection@28f4363c 

[ERROR] 09:46:35 (UserDAO.java:getByParameter:127)Cant search users with nickname JSESSIONID 

[INFO] 09:46:35 (DefaultServlet.java:process:65)Redirection path: /main.jsp 

[INFO] 09:46:36 (JDBCConnectionPool.java:newConnection:77)Created new connection com.mysql.jdbc.JDBC4Connection@451075c6 

[INFO] 11:17:14 (DefaultServlet.java:init:45)Initialized default servlet  ua.com.company.store.controller.DefaultServlet@4bf5d520 

[INFO] 11:18:20 (DefaultServlet.java:process:60)Query with url: GET:/store 

[INFO] 11:18:20 (AbstractDao.java:<init>:24)Created dao layer + ua.com.company.store.model.dao.impl.UserDAO@72e9ae06 

[INFO] 11:18:20 (AbstractDao.java:<init>:24)Created dao layer + ua.com.company.store.model.dao.impl.ProductImageDAO@46e481db 

[INFO] 11:18:20 (AbstractDao.java:<init>:24)Created dao layer + ua.com.company.store.model.dao.impl.OrderDAO@1e34bc5f 

[INFO] 11:18:20 (AbstractDao.java:<init>:24)Created dao layer + ua.com.company.store.model.dao.impl.ProductDAO@7c3c0c1b 

[INFO] 11:18:20 (DefaultServlet.java:process:62)Command key execution: CommandHomePageCommand{} 

[INFO] 11:18:21 (JDBCConnectionPool.java:newConnection:77)Created new connection com.mysql.jdbc.JDBC4Connection@4d75fd6 

[ERROR] 11:18:21 (UserDAO.java:getByParameter:127)Cant search users with nickname JSESSIONID 

[INFO] 11:18:21 (DefaultServlet.java:process:65)Redirection path: /main.jsp 

[INFO] 11:18:26 (JDBCConnectionPool.java:newConnection:77)Created new connection com.mysql.jdbc.JDBC4Connection@773f8dda 

[INFO] 11:18:26 (JDBCConnectionPool.java:newConnection:77)Created new connection com.mysql.jdbc.JDBC4Connection@2ac4eb4d 

[INFO] 11:19:46 (DefaultServlet.java:process:60)Query with url: GET:/store/signUp 

[INFO] 11:19:46 (DefaultServlet.java:process:62)Command key execution: CommandSignUpPage{} 

[INFO] 11:19:46 (DefaultServlet.java:process:65)Redirection path: /view/signUpPage.jsp 

[INFO] 11:19:56 (DefaultServlet.java:process:60)Query with url: POST:/store/signUpForm 

[INFO] 11:19:56 (DefaultServlet.java:process:62)Command key execution: ua.com.company.store.controller.impl.executions.CommandSignUpFormExecution@df5841c 

[INFO] 11:19:56 (CommandSignUpFormExecution.java:execute:56)Successful validated inputs signUp 

[INFO] 11:19:56 (JDBCConnectionPool.java:newConnection:77)Created new connection com.mysql.jdbc.JDBC4Connection@2bd43fe7 

[INFO] 11:19:57 (JDBCConnectionPool.java:newConnection:77)Created new connection com.mysql.jdbc.JDBC4Connection@f6d231d 

[INFO] 11:19:57 (AbstractDao.java:insert:73)Insert into db new object User:fewfwe 00aefdc15dd925d7d750b494709493eef5bf2d331f9c6f716411c35869d91755 weff@fewfw.wef false false 

[INFO] 11:19:57 (JDBCConnectionPool.java:newConnection:77)Created new connection com.mysql.jdbc.JDBC4Connection@53abaec4 

[INFO] 11:19:57 (CommandSignUpFormExecution.java:execute:81)Continue execution without adding in cookie  

[INFO] 11:19:57 (DefaultServlet.java:process:65)Redirection path: /main.jsp 

[INFO] 11:19:57 (JDBCConnectionPool.java:newConnection:77)Created new connection com.mysql.jdbc.JDBC4Connection@51b53c74 

[INFO] 11:19:59 (DefaultServlet.java:process:60)Query with url: GET:/store/createOrder 

[INFO] 11:19:59 (DefaultServlet.java:process:62)Command key execution: ua.com.company.store.controller.impl.executions.CommandCreatingNewOrder@12db72a1 

[INFO] 11:19:59 (JDBCConnectionPool.java:newConnection:77)Created new connection com.mysql.jdbc.JDBC4Connection@3d0e7bfe 

[INFO] 11:19:59 (JDBCConnectionPool.java:newConnection:77)Created new connection com.mysql.jdbc.JDBC4Connection@74884991 

[INFO] 11:19:59 (AbstractDao.java:insert:73)Insert into db new object Order{productId=15, entityId=26, date=2017-12-28} 

[INFO] 11:19:59 (CommandCreatingNewOrder.java:execute:49)Successful added Order{productId=15, entityId=26, date=2017-12-28} 

[INFO] 11:19:59 (DefaultServlet.java:process:65)Redirection path: /view/successfulCreatedOrder.jsp 

[INFO] 11:28:40 (DefaultServlet.java:init:45)Initialized default servlet  ua.com.company.store.controller.DefaultServlet@2e6eaaa4 

[INFO] 11:29:16 (DefaultServlet.java:process:60)Query with url: GET:/store 

[INFO] 11:29:16 (AbstractDao.java:<init>:24)Created dao layer + ua.com.company.store.model.dao.impl.UserDAO@1e69fe83 

[INFO] 11:29:16 (AbstractDao.java:<init>:24)Created dao layer + ua.com.company.store.model.dao.impl.ProductImageDAO@c4604a4 

[INFO] 11:29:16 (AbstractDao.java:<init>:24)Created dao layer + ua.com.company.store.model.dao.impl.OrderDAO@7dfaaa8b 

[INFO] 11:29:16 (AbstractDao.java:<init>:24)Created dao layer + ua.com.company.store.model.dao.impl.ProductDAO@4125e2b4 

[INFO] 11:29:16 (DefaultServlet.java:process:62)Command key execution: CommandHomePageCommand{} 

[INFO] 11:29:17 (JDBCConnectionPool.java:newConnection:77)Created new connection com.mysql.jdbc.JDBC4Connection@7e6b2aa0 

[ERROR] 11:29:17 (UserDAO.java:getByParameter:127)Cant search users with nickname JSESSIONID 

[INFO] 11:29:17 (DefaultServlet.java:process:65)Redirection path: /main.jsp 

[INFO] 11:29:19 (JDBCConnectionPool.java:newConnection:77)Created new connection com.mysql.jdbc.JDBC4Connection@2df48c66 

[INFO] 11:29:20 (DefaultServlet.java:process:60)Query with url: GET:/store/signUp 

[INFO] 11:29:20 (DefaultServlet.java:process:62)Command key execution: CommandSignUpPage{} 

[INFO] 11:29:20 (DefaultServlet.java:process:65)Redirection path: /view/signUpPage.jsp 

[INFO] 11:29:33 (DefaultServlet.java:process:60)Query with url: POST:/store/signUpForm 

[INFO] 11:29:33 (DefaultServlet.java:process:62)Command key execution: ua.com.company.store.controller.impl.executions.CommandSignUpFormExecution@4b868a1a 

[INFO] 11:29:33 (CommandSignUpFormExecution.java:execute:56)Successful validated inputs signUp 

[INFO] 11:29:34 (JDBCConnectionPool.java:newConnection:77)Created new connection com.mysql.jdbc.JDBC4Connection@601d908c 

[INFO] 11:29:34 (JDBCConnectionPool.java:newConnection:77)Created new connection com.mysql.jdbc.JDBC4Connection@4a1ca647 

[INFO] 11:29:34 (AbstractDao.java:insert:73)Insert into db new object User:aaaa 3d37f5644e61b2c354fa25a4822b0b3a647d69071323b1ba8ffb03bfbb6ec487 aaaa@aa.a false false 

[INFO] 11:29:34 (JDBCConnectionPool.java:newConnection:77)Created new connection com.mysql.jdbc.JDBC4Connection@595e1b34 

[INFO] 11:29:34 (CommandSignUpFormExecution.java:execute:81)Continue execution without adding in cookie  

[INFO] 11:29:34 (DefaultServlet.java:process:65)Redirection path: /main.jsp 

[INFO] 11:29:34 (JDBCConnectionPool.java:newConnection:77)Created new connection com.mysql.jdbc.JDBC4Connection@65baa2fc 

[INFO] 11:29:37 (DefaultServlet.java:process:60)Query with url: GET:/store/createOrder 

[INFO] 11:29:37 (DefaultServlet.java:process:62)Command key execution: ua.com.company.store.controller.impl.executions.CommandCreatingNewOrder@62ac83eb 

[INFO] 11:29:37 (JDBCConnectionPool.java:newConnection:77)Created new connection com.mysql.jdbc.JDBC4Connection@1c3167dc 

[INFO] 11:29:37 (JDBCConnectionPool.java:newConnection:77)Created new connection com.mysql.jdbc.JDBC4Connection@621e25d3 

[INFO] 11:29:37 (AbstractDao.java:insert:73)Insert into db new object Order{productId=16, entityId=27, date=2017-12-28} 

[INFO] 11:29:37 (CommandCreatingNewOrder.java:execute:49)Successful added Order{productId=16, entityId=27, date=2017-12-28} 

[INFO] 11:29:37 (DefaultServlet.java:process:65)Redirection path: /view/successfulCreatedOrder.jsp 

[INFO] 11:45:43 (DefaultServlet.java:init:45)Initialized default servlet  ua.com.company.store.controller.DefaultServlet@652da5f3 

[INFO] 11:45:51 (DefaultServlet.java:process:60)Query with url: GET:/store 

[INFO] 11:45:51 (AbstractDao.java:<init>:24)Created dao layer + ua.com.company.store.model.dao.impl.UserDAO@4acc345 

[INFO] 11:45:51 (AbstractDao.java:<init>:24)Created dao layer + ua.com.company.store.model.dao.impl.ProductImageDAO@3ca3d909 

[INFO] 11:45:51 (AbstractDao.java:<init>:24)Created dao layer + ua.com.company.store.model.dao.impl.OrderDAO@2e761241 

[INFO] 11:45:51 (AbstractDao.java:<init>:24)Created dao layer + ua.com.company.store.model.dao.impl.ProductDAO@c3fed17 

[INFO] 11:45:51 (DefaultServlet.java:process:62)Command key execution: CommandHomePageCommand{} 

[INFO] 11:45:52 (JDBCConnectionPool.java:newConnection:77)Created new connection com.mysql.jdbc.JDBC4Connection@f118ef3 

[ERROR] 11:45:52 (UserDAO.java:getByParameter:127)Cant search users with nickname JSESSIONID 

[INFO] 11:45:52 (DefaultServlet.java:process:65)Redirection path: /main.jsp 

[INFO] 11:45:54 (JDBCConnectionPool.java:newConnection:77)Created new connection com.mysql.jdbc.JDBC4Connection@ecc73d0 

[INFO] 11:46:02 (DefaultServlet.java:process:60)Query with url: GET:/store/signUp 

[INFO] 11:46:02 (DefaultServlet.java:process:62)Command key execution: CommandSignUpPage{} 

[INFO] 11:46:02 (DefaultServlet.java:process:65)Redirection path: /view/signUpPage.jsp 

[INFO] 11:46:36 (DefaultServlet.java:process:60)Query with url: POST:/store/signUpForm 

[INFO] 11:46:36 (DefaultServlet.java:process:62)Command key execution: ua.com.company.store.controller.impl.executions.CommandSignUpFormExecution@762c34a8 

[INFO] 11:46:36 (CommandSignUpFormExecution.java:execute:56)Successful validated inputs signUp 

[INFO] 11:46:37 (JDBCConnectionPool.java:newConnection:77)Created new connection com.mysql.jdbc.JDBC4Connection@5db79c31 

[INFO] 11:46:37 (JDBCConnectionPool.java:newConnection:77)Created new connection com.mysql.jdbc.JDBC4Connection@3b5ae0b2 

[INFO] 11:46:37 (AbstractDao.java:insert:73)Insert into db new object User:Poprushko ef5977dd9a1369d697d79c56c59aff650143f0b11f9916f205a17779c96c7cfc ppp@pp.pp false false 

[INFO] 11:46:37 (JDBCConnectionPool.java:newConnection:77)Created new connection com.mysql.jdbc.JDBC4Connection@76f0e9b3 

[INFO] 11:46:37 (CommandSignUpFormExecution.java:execute:81)Continue execution without adding in cookie  

[INFO] 11:46:37 (DefaultServlet.java:process:65)Redirection path: /main.jsp 

[INFO] 11:46:37 (JDBCConnectionPool.java:newConnection:77)Created new connection com.mysql.jdbc.JDBC4Connection@48d38b42 

[INFO] 11:46:40 (DefaultServlet.java:process:60)Query with url: GET:/store/createOrder 

[INFO] 11:46:40 (DefaultServlet.java:process:62)Command key execution: ua.com.company.store.controller.impl.executions.CommandCreatingNewOrder@3f0ae6d7 

[INFO] 11:46:40 (JDBCConnectionPool.java:newConnection:77)Created new connection com.mysql.jdbc.JDBC4Connection@1a27801d 

[INFO] 11:46:40 (JDBCConnectionPool.java:newConnection:77)Created new connection com.mysql.jdbc.JDBC4Connection@4125af43 

[INFO] 11:46:40 (AbstractDao.java:insert:73)Insert into db new object Order{productId=19, entityId=28, date=2017-12-28} 

[INFO] 11:46:40 (CommandCreatingNewOrder.java:execute:51)Successful added Order{productId=19, entityId=28, date=2017-12-28} 

[INFO] 11:46:40 (DefaultServlet.java:process:65)Redirection path: /view/successfulCreatedOrder.jsp 

[INFO] 11:46:59 (DefaultServlet.java:process:60)Query with url: GET:/store/logout 

[INFO] 11:46:59 (DefaultServlet.java:process:62)Command key execution: ua.com.company.store.controller.impl.redirection.CommandRemoveSession@4b868a1a 

[INFO] 11:46:59 (CommandRemoveSession.java:execute:36)Removed cookies [Ljavax.servlet.http.Cookie;@45417d1a 

[INFO] 11:46:59 (CommandRemoveSession.java:execute:45)Removed session with ID Poprushko
Time online 1 min. 

[INFO] 11:46:59 (DefaultServlet.java:process:65)Redirection path: /main.jsp 

[INFO] 11:46:59 (JDBCConnectionPool.java:newConnection:77)Created new connection com.mysql.jdbc.JDBC4Connection@6f830270 

[INFO] 11:47:00 (DefaultServlet.java:process:60)Query with url: GET:/store 

[INFO] 11:47:00 (DefaultServlet.java:process:62)Command key execution: CommandHomePageCommand{} 

[INFO] 11:47:00 (JDBCConnectionPool.java:newConnection:77)Created new connection com.mysql.jdbc.JDBC4Connection@17c46c0b 

[ERROR] 11:47:00 (UserDAO.java:getByParameter:127)Cant search users with nickname JSESSIONID 

[INFO] 11:47:00 (DefaultServlet.java:process:65)Redirection path: /main.jsp 

[INFO] 11:47:00 (JDBCConnectionPool.java:newConnection:77)Created new connection com.mysql.jdbc.JDBC4Connection@22d47061 

[INFO] 11:47:01 (DefaultServlet.java:process:60)Query with url: GET:/store 

[INFO] 11:47:01 (DefaultServlet.java:process:62)Command key execution: CommandHomePageCommand{} 

[INFO] 11:47:01 (JDBCConnectionPool.java:newConnection:77)Created new connection com.mysql.jdbc.JDBC4Connection@608908f6 

[ERROR] 11:47:01 (UserDAO.java:getByParameter:127)Cant search users with nickname JSESSIONID 

[INFO] 11:47:01 (DefaultServlet.java:process:65)Redirection path: /main.jsp 

[INFO] 11:47:01 (JDBCConnectionPool.java:newConnection:77)Created new connection com.mysql.jdbc.JDBC4Connection@11719516 

[INFO] 11:47:02 (DefaultServlet.java:process:60)Query with url: GET:/store/login 

[INFO] 11:47:02 (DefaultServlet.java:process:62)Command key execution: CommandLoginPage{} 

[INFO] 11:47:02 (DefaultServlet.java:process:65)Redirection path: /view/loginPage.jsp 

[INFO] 11:47:11 (DefaultServlet.java:process:60)Query with url: POST:/store/loginForm 

[INFO] 11:47:11 (DefaultServlet.java:process:62)Command key execution: ua.com.company.store.controller.impl.executions.CommandLoginFormExecution@504cea23 

[INFO] 11:47:11 (CommandLoginFormExecution.java:execute:54)Successful validation inputs 

[INFO] 11:47:11 (JDBCConnectionPool.java:newConnection:77)Created new connection com.mysql.jdbc.JDBC4Connection@630a648e 

[ERROR] 11:47:11 (UserDAO.java:getByParameter:127)Cant search users with nickname JSESSIONID 

[INFO] 11:47:11 (CommandLoginFormExecution.java:execute:56)User don't exist in cookie(successful) 

[INFO] 11:47:11 (JDBCConnectionPool.java:newConnection:77)Created new connection com.mysql.jdbc.JDBC4Connection@2ce42332 

[INFO] 11:47:11 (CommandLoginFormExecution.java:execute:63)Successful validated --Vlad 

[INFO] 11:47:11 (JDBCConnectionPool.java:newConnection:77)Created new connection com.mysql.jdbc.JDBC4Connection@672d6526 

[INFO] 11:47:11 (CommandLoginFormExecution.java:execute:70)Successful validation on registered before user 

[INFO] 11:47:11 (CommandLoginFormExecution.java:execute:78)Continue execution without adding in cookie  

[INFO] 11:47:11 (DefaultServlet.java:process:65)Redirection path: /main.jsp 

[INFO] 11:47:11 (JDBCConnectionPool.java:newConnection:77)Created new connection com.mysql.jdbc.JDBC4Connection@3c60b003 

[INFO] 11:47:13 (DefaultServlet.java:process:60)Query with url: GET:/store/adminPage 

[INFO] 11:47:13 (DefaultServlet.java:process:62)Command key execution: ua.com.company.store.controller.impl.redirection.CommandAdminPage@4ee247e1 

[INFO] 11:47:13 (JDBCConnectionPool.java:newConnection:77)Created new connection com.mysql.jdbc.JDBC4Connection@346668d1 

[INFO] 11:47:13 (DefaultServlet.java:process:65)Redirection path: /view/adminPage.jsp 

[INFO] 11:47:14 (AbstractDao.java:<init>:24)Created dao layer + ua.com.company.store.model.dao.impl.UserDAO@25bb2b 

[INFO] 11:47:14 (AbstractDao.java:<init>:24)Created dao layer + ua.com.company.store.model.dao.impl.ProductDAO@2dedac30 

[INFO] 11:47:14 (JDBCConnectionPool.java:newConnection:77)Created new connection com.mysql.jdbc.JDBC4Connection@310f0b81 

[INFO] 11:47:14 (JDBCConnectionPool.java:newConnection:77)Created new connection com.mysql.jdbc.JDBC4Connection@2df397cc 

[INFO] 11:47:14 (JDBCConnectionPool.java:newConnection:77)Created new connection com.mysql.jdbc.JDBC4Connection@392d4375 

[INFO] 11:47:14 (JDBCConnectionPool.java:newConnection:77)Created new connection com.mysql.jdbc.JDBC4Connection@656953a4 

[INFO] 11:47:14 (JDBCConnectionPool.java:newConnection:77)Created new connection com.mysql.jdbc.JDBC4Connection@bacdd8b 

[INFO] 11:47:14 (JDBCConnectionPool.java:newConnection:77)Created new connection com.mysql.jdbc.JDBC4Connection@6bd16345 

[INFO] 11:47:14 (JDBCConnectionPool.java:newConnection:77)Created new connection com.mysql.jdbc.JDBC4Connection@6434aab2 

[INFO] 11:47:14 (JDBCConnectionPool.java:newConnection:77)Created new connection com.mysql.jdbc.JDBC4Connection@4556aa42 

[INFO] 11:47:14 (JDBCConnectionPool.java:newConnection:77)Created new connection com.mysql.jdbc.JDBC4Connection@595a3f7 

[INFO] 11:47:14 (JDBCConnectionPool.java:newConnection:77)Created new connection com.mysql.jdbc.JDBC4Connection@7c773e9b 

[INFO] 11:47:14 (JDBCConnectionPool.java:newConnection:77)Created new connection com.mysql.jdbc.JDBC4Connection@7d5ad15 

[INFO] 11:47:14 (JDBCConnectionPool.java:newConnection:77)Created new connection com.mysql.jdbc.JDBC4Connection@6bca05aa 

[INFO] 11:47:14 (JDBCConnectionPool.java:newConnection:77)Created new connection com.mysql.jdbc.JDBC4Connection@38cc0d0b 

[INFO] 11:47:14 (JDBCConnectionPool.java:newConnection:77)Created new connection com.mysql.jdbc.JDBC4Connection@1098de50 

